#
# There is insufficient memory for the Java Runtime Environment to continue.
# Native memory allocation (malloc) failed to allocate 1048576 bytes for AllocateHeap
# Possible reasons:
#   The system is out of physical RAM or swap space
#   In 32 bit mode, the process size limit was hit
# Possible solutions:
#   Reduce memory load on the system
#   Increase physical memory or swap space
#   Check if swap backing store is full
#   Use 64 bit Java on a 64 bit OS
#   Decrease Java heap size (-Xmx/-Xms)
#   Decrease number of Java threads
#   Decrease Java thread stack sizes (-Xss)
#   Set larger code cache with -XX:ReservedCodeCacheSize=
# This output file may be truncated or incomplete.
#
#  Out of Memory Error (memory/allocation.inline.hpp:61), pid=11768, tid=0x0000000000001f8c
#
# JRE version:  (8.0_112-b06) (build )
# Java VM: OpenJDK 64-Bit Server VM (25.112-b06 mixed mode windows-amd64 compressed oops)
# Failed to write core dump. Minidumps are not enabled by default on client versions of Windows
#

---------------  T H R E A D  ---------------

Current thread (0x0000000002a30800):  JavaThread "Unknown thread" [_thread_in_vm, id=8076, stack(0x0000000002930000,0x0000000002a30000)]

Stack: [0x0000000002930000,0x0000000002a30000]
[error occurred during error reporting (printing stack bounds), id 0xc0000005]

Native frames: (J=compiled Java code, j=interpreted, Vv=VM code, C=native code)


---------------  P R O C E S S  ---------------

Java Threads: ( => current thread )

Other Threads:

=>0x0000000002a30800 (exited) JavaThread "Unknown thread" [_thread_in_vm, id=8076, stack(0x0000000002930000,0x0000000002a30000)]

VM state:not at safepoint (normal execution)

VM Mutex/Monitor currently owned by a thread: None

Heap:
 PSYoungGen      total 38400K, used 665K [0x00000000d5f00000, 0x00000000d8980000, 0x0000000100000000)
  eden space 33280K, 2% used [0x00000000d5f00000,0x00000000d5fa6670,0x00000000d7f80000)
  from space 5120K, 0% used [0x00000000d8480000,0x00000000d8480000,0x00000000d8980000)
  to   space 5120K, 0% used [0x00000000d7f80000,0x00000000d7f80000,0x00000000d8480000)
 ParOldGen       total 87552K, used 0K [0x0000000081c00000, 0x0000000087180000, 0x00000000d5f00000)
  object space 87552K, 0% used [0x0000000081c00000,0x0000000081c00000,0x0000000087180000)
 Metaspace       used 772K, capacity 4480K, committed 4480K, reserved 1056768K
  class space    used 73K, capacity 384K, committed 384K, reserved 1048576K

Card table byte_map: [0x0000000011ef0000,0x00000000122f0000] byte_map_base: 0x0000000011ae2000

Marking Bits: (ParMarkBitMap*) 0x000000005b9518f0
 Begin Bits: [0x0000000012da0000, 0x0000000014d30000)
 End Bits:   [0x0000000014d30000, 0x0000000016cc0000)

Polling page: 0x0000000002870000

CodeCache: size=245760Kb used=328Kb max_used=328Kb free=245431Kb
 bounds [0x0000000002b30000, 0x0000000002da0000, 0x0000000011b30000]
 total_blobs=57 nmethods=0 adapters=38
 compilation: enabled

Compilation events (0 events):
No events

GC Heap History (0 events):
No events

Deoptimization events (0 events):
No events

Internal exceptions (0 events):
No events

Events (10 events):
Event: 0.015 loading class java/lang/Short
Event: 0.015 loading class java/lang/Short done
Event: 0.015 loading class java/lang/Integer
Event: 0.015 loading class java/lang/Integer done
Event: 0.015 loading class java/lang/Long
Event: 0.015 loading class java/lang/Long done
Event: 0.015 loading class java/lang/NullPointerException
Event: 0.015 loading class java/lang/NullPointerException done
Event: 0.015 loading class java/lang/ArithmeticException
Event: 0.015 loading class java/lang/ArithmeticException done


Dynamic libraries:
0x00007ff7652e0000 - 0x00007ff765311000 	F:\Logiciel\Android Studio\jre\bin\java.exe
0x00007fff04520000 - 0x00007fff046f1000 	C:\WINDOWS\SYSTEM32\ntdll.dll
0x00007fff033e0000 - 0x00007fff0348c000 	C:\WINDOWS\System32\KERNEL32.DLL
0x00007fff01780000 - 0x00007fff0199d000 	C:\WINDOWS\System32\KERNELBASE.dll
0x00007fff035f0000 - 0x00007fff03692000 	C:\WINDOWS\System32\ADVAPI32.dll
0x00007fff03a80000 - 0x00007fff03b1e000 	C:\WINDOWS\System32\msvcrt.dll
0x00007fff034c0000 - 0x00007fff03519000 	C:\WINDOWS\System32\sechost.dll
0x00007fff03c80000 - 0x00007fff03da1000 	C:\WINDOWS\System32\RPCRT4.dll
0x00007fff03270000 - 0x00007fff033d5000 	C:\WINDOWS\System32\USER32.dll
0x00007fff00a70000 - 0x00007fff00a8e000 	C:\WINDOWS\System32\win32u.dll
0x00007fff03170000 - 0x00007fff031a4000 	C:\WINDOWS\System32\GDI32.dll
0x00007fff00a90000 - 0x00007fff00c10000 	C:\WINDOWS\System32\gdi32full.dll
0x00007ffefc9a0000 - 0x00007ffefcc1a000 	C:\WINDOWS\WinSxS\amd64_microsoft.windows.common-controls_6595b64144ccf1df_6.0.14393.953_none_42151e83c686086b\COMCTL32.dll
0x00007fff04250000 - 0x00007fff04518000 	C:\WINDOWS\System32\combase.dll
0x00007fff00c80000 - 0x00007fff00d75000 	C:\WINDOWS\System32\ucrtbase.dll
0x00007fff00c10000 - 0x00007fff00c7a000 	C:\WINDOWS\System32\bcryptPrimitives.dll
0x00007fff03490000 - 0x00007fff034be000 	C:\WINDOWS\System32\IMM32.DLL
0x000000005b0b0000 - 0x000000005b182000 	F:\Logiciel\Android Studio\jre\jre\bin\msvcr100.dll
0x000000005b190000 - 0x000000005b9cc000 	F:\Logiciel\Android Studio\jre\jre\bin\server\jvm.dll
0x00007fff03a70000 - 0x00007fff03a78000 	C:\WINDOWS\System32\PSAPI.DLL
0x00007ffefe0e0000 - 0x00007ffefe0e9000 	C:\WINDOWS\SYSTEM32\WSOCK32.dll
0x00007ffefd9d0000 - 0x00007ffefd9da000 	C:\WINDOWS\SYSTEM32\VERSION.dll
0x00007ffefecc0000 - 0x00007ffefece3000 	C:\WINDOWS\SYSTEM32\WINMM.dll
0x00007fff03db0000 - 0x00007fff03e1a000 	C:\WINDOWS\System32\WS2_32.dll
0x00007ffefec90000 - 0x00007ffefecbb000 	C:\WINDOWS\SYSTEM32\WINMMBASE.dll
0x00007fff00a20000 - 0x00007fff00a62000 	C:\WINDOWS\System32\cfgmgr32.dll
0x00007ffefab20000 - 0x00007ffefab2f000 	F:\Logiciel\Android Studio\jre\jre\bin\verify.dll
0x00007ffeeab90000 - 0x00007ffeeabb9000 	F:\Logiciel\Android Studio\jre\jre\bin\java.dll
0x00007ffed8e50000 - 0x00007ffed8e66000 	F:\Logiciel\Android Studio\jre\jre\bin\zip.dll

VM Arguments:
java_command: libs/android_contentprovider_generator-1.11.0-bundle.jar -i src/main/java/config -o E:\Utilisateur\Travail\Mobile\Hocklines\app\build/generated/source/content-provider
java_class_path (initial): libs/android_contentprovider_generator-1.11.0-bundle.jar
Launcher Type: SUN_STANDARD

Environment Variables:
JAVA_HOME=C:\Program Files (x86)\Java\jdk1.8.0_91
PATH=C:\ProgramData\Oracle\Java\javapath;C:\Windows\system32;C:\Windows;C:\Windows\System32\Wbem;C:\Windows\System32\WindowsPowerShell\v1.0\;C:\Program Files (x86)\NVIDIA Corporation\PhysX\Common;C:\WINDOWS\system32;C:\WINDOWS;C:\WINDOWS\System32\Wbem;C:\WINDOWS\System32\WindowsPowerShell\v1.0\;C:\Program Files (x86)\Skype\Phone\;F:\Logiciel\SQLite;C:\Program Files (x86)\MySQL\MySQL Fabric 1.5 & MySQL Utilities 1.5\;C:\Program Files (x86)\MySQL\MySQL Fabric 1.5 & MySQL Utilities 1.5\Doctrine extensions for PHP\;C:\Program Files\MySQL\MySQL Server 5.7\bin;C:\Program Files\Git\cmd;C:\Users\Flo\AppData\Local\Microsoft\WindowsApps
USERNAME=Flo
OS=Windows_NT
PROCESSOR_IDENTIFIER=Intel64 Family 6 Model 60 Stepping 3, GenuineIntel



---------------  S Y S T E M  ---------------

OS: Windows 10.0 , 64 bit Build 14393 (10.0.14393.1198)

CPU:total 8 (4 cores per cpu, 2 threads per core) family 6 model 60 stepping 3, cmov, cx8, fxsr, mmx, sse, sse2, sse3, ssse3, sse4.1, sse4.2, popcnt, avx, avx2, aes, clmul, erms, lzcnt, ht, tsc, tscinvbit, bmi1, bmi2

Memory: 4k page, physical 8268908k(1772028k free), swap 9796088k(5792k free)

vm_info: OpenJDK 64-Bit Server VM (25.112-b06) for windows-amd64 JRE (1.8.0_112-release-b06), built on Dec  8 2016 00:54:26 by "builder" with MS VC++ 10.0 (VS2010)

time: Thu Oct 19 21:42:20 2017
elapsed time: 0 seconds (0d 0h 0m 0s)

